2014-09-19 14:04:41.585 HelloWorld[6243:70b] Multi-tasking -> Device: YES, App: YES
2014-09-19 14:04:41.593 HelloWorld[6243:70b] Unlimited access to network resources
2014-09-19 14:04:41.596 HelloWorld[6243:70b] 

Started backup to iCloud! Please be careful.
Your application might rejected by Apple if you store too much data.
For more information please read "iOS Data Storage Guidelines"
You could find it at the following address https://developer.apple.com/icloud/documentation/data-storage/ .

2014-09-19 14:04:42.198 HelloWorld[6243:70b] Resetting plugins due to page load.
2014-09-19 14:04:42.916 HelloWorld[6243:70b] Finished load of: file:///Users/marklassoff/Library/Application%20Support/iPhone%20Simulator/7.1/Applications/E74EB902-2F3D-48F6-A0A4-F6B7E6F2C849/HelloWorld.app/www/index.html
2014-09-19 14:14:43.599 HelloWorld[6525:70b] Multi-tasking -> Device: YES, App: YES
2014-09-19 14:14:43.610 HelloWorld[6525:70b] Unlimited access to network resources
2014-09-19 14:14:43.618 HelloWorld[6525:70b] 

Started backup to iCloud! Please be careful.
Your application might rejected by Apple if you store too much data.
For more information please read "iOS Data Storage Guidelines"
You could find it at the following address https://developer.apple.com/icloud/documentation/data-storage/ .

2014-09-19 14:14:43.701 HelloWorld[6525:70b] Resetting plugins due to page load.
2014-09-19 14:14:44.373 HelloWorld[6525:70b] Finished load of: file:///Users/marklassoff/Library/Application%20Support/iPhone%20Simulator/7.1/Applications/E74EB902-2F3D-48F6-A0A4-F6B7E6F2C849/HelloWorld.app/www/index.html
2014-09-19 14:15:42.218 HelloWorld[6660:70b] Multi-tasking -> Device: YES, App: YES
2014-09-19 14:15:42.225 HelloWorld[6660:70b] Unlimited access to network resources
2014-09-19 14:15:42.228 HelloWorld[6660:70b] 

Started backup to iCloud! Please be careful.
Your application might rejected by Apple if you store too much data.
For more information please read "iOS Data Storage Guidelines"
You could find it at the following address https://developer.apple.com/icloud/documentation/data-storage/ .

2014-09-19 14:15:42.275 HelloWorld[6660:70b] Resetting plugins due to page load.
2014-09-19 14:15:42.803 HelloWorld[6660:70b] Finished load of: file:///Users/marklassoff/Library/Application%20Support/iPhone%20Simulator/7.1/Applications/E74EB902-2F3D-48F6-A0A4-F6B7E6F2C849/HelloWorld.app/www/index.html
2014-09-19 14:16:12.944 HelloWorld[6799:70b] Multi-tasking -> Device: YES, App: YES
2014-09-19 14:16:12.953 HelloWorld[6799:70b] Unlimited access to network resources
2014-09-19 14:16:12.955 HelloWorld[6799:70b] 

Started backup to iCloud! Please be careful.
Your application might rejected by Apple if you store too much data.
For more information please read "iOS Data Storage Guidelines"
You could find it at the following address https://developer.apple.com/icloud/documentation/data-storage/ .

2014-09-19 14:16:13.082 HelloWorld[6799:70b] Resetting plugins due to page load.
2014-09-19 14:16:13.518 HelloWorld[6799:70b] Finished load of: file:///Users/marklassoff/Library/Application%20Support/iPhone%20Simulator/7.1/Applications/E74EB902-2F3D-48F6-A0A4-F6B7E6F2C849/HelloWorld.app/www/index.html
2014-09-19 14:23:07.643 HelloWorld[7025:70b] Multi-tasking -> Device: YES, App: YES
2014-09-19 14:23:07.654 HelloWorld[7025:70b] Unlimited access to network resources
2014-09-19 14:23:07.658 HelloWorld[7025:70b] 

Started backup to iCloud! Please be careful.
Your application might rejected by Apple if you store too much data.
For more information please read "iOS Data Storage Guidelines"
You could find it at the following address https://developer.apple.com/icloud/documentation/data-storage/ .

2014-09-19 14:23:07.790 HelloWorld[7025:70b] Resetting plugins due to page load.
2014-09-19 14:23:08.303 HelloWorld[7025:70b] Finished load of: file:///Users/marklassoff/Library/Application%20Support/iPhone%20Simulator/7.1/Applications/E74EB902-2F3D-48F6-A0A4-F6B7E6F2C849/HelloWorld.app/www/index.html
